[2020-09-16 06:24:08.603] [exthost] [info] extension host started
[2020-09-16 06:24:08.709] [exthost] [info] ExtensionService#_doActivateExtension vscode.microsoft-authentication {"startup":false,"extensionId":{"value":"vscode.microsoft-authentication","_lower":"vscode.microsoft-authentication"},"activationEvent":"onAuthenticationRequest:microsoft"}
[2020-09-16 06:24:08.709] [exthost] [info] ExtensionService#loadCommonJSModule file:///snap/code/43/usr/share/code/resources/app/extensions/microsoft-authentication/dist/extension.js
[2020-09-16 06:24:08.722] [exthost] [info] ExtensionService#_doActivateExtension vscode.github-authentication {"startup":false,"extensionId":{"value":"vscode.github-authentication","_lower":"vscode.github-authentication"},"activationEvent":"onAuthenticationRequest:github"}
[2020-09-16 06:24:08.722] [exthost] [info] ExtensionService#loadCommonJSModule file:///snap/code/43/usr/share/code/resources/app/extensions/github-authentication/dist/extension.js
[2020-09-16 06:24:08.732] [exthost] [info] ExtensionService#_doActivateExtension vscode.emmet {"startup":false,"extensionId":{"value":"vscode.emmet","_lower":"vscode.emmet"},"activationEvent":"onLanguage:html"}
[2020-09-16 06:24:08.732] [exthost] [info] ExtensionService#loadCommonJSModule file:///snap/code/43/usr/share/code/resources/app/extensions/emmet/dist/node/emmetNodeMain
[2020-09-16 06:24:08.752] [exthost] [info] ExtensionService#_doActivateExtension vscode.html-language-features {"startup":false,"extensionId":{"value":"vscode.html-language-features","_lower":"vscode.html-language-features"},"activationEvent":"onLanguage:html"}
[2020-09-16 06:24:08.752] [exthost] [info] ExtensionService#loadCommonJSModule file:///snap/code/43/usr/share/code/resources/app/extensions/html-language-features/client/dist/node/htmlClientMain
[2020-09-16 06:24:08.768] [exthost] [info] ExtensionService#_doActivateExtension Angular.ng-template {"startup":false,"extensionId":{"value":"Angular.ng-template","_lower":"angular.ng-template"},"activationEvent":"onLanguage:html"}
[2020-09-16 06:24:08.768] [exthost] [info] ExtensionService#loadCommonJSModule file:///root/.vscode/extensions/angular.ng-template-0.1001.0/client
[2020-09-16 06:24:08.818] [exthost] [info] ExtensionService#_doActivateExtension vscode.debug-auto-launch {"startup":true,"extensionId":{"value":"vscode.debug-auto-launch","_lower":"vscode.debug-auto-launch"},"activationEvent":"*"}
[2020-09-16 06:24:08.818] [exthost] [info] ExtensionService#loadCommonJSModule file:///snap/code/43/usr/share/code/resources/app/extensions/debug-auto-launch/dist/extension
[2020-09-16 06:24:08.820] [exthost] [info] ExtensionService#_doActivateExtension vscode.git {"startup":true,"extensionId":{"value":"vscode.github","_lower":"vscode.github"},"activationEvent":"*"}
[2020-09-16 06:24:08.821] [exthost] [info] ExtensionService#loadCommonJSModule file:///snap/code/43/usr/share/code/resources/app/extensions/git/dist/main
[2020-09-16 06:24:08.861] [exthost] [info] ExtensionService#_doActivateExtension vscode.merge-conflict {"startup":true,"extensionId":{"value":"vscode.merge-conflict","_lower":"vscode.merge-conflict"},"activationEvent":"*"}
[2020-09-16 06:24:08.861] [exthost] [info] ExtensionService#loadCommonJSModule file:///snap/code/43/usr/share/code/resources/app/extensions/merge-conflict/dist/mergeConflictMain
[2020-09-16 06:24:08.870] [exthost] [info] ExtensionService#_doActivateExtension vscode.search-result {"startup":true,"extensionId":{"value":"vscode.search-result","_lower":"vscode.search-result"},"activationEvent":"*"}
[2020-09-16 06:24:08.870] [exthost] [info] ExtensionService#loadCommonJSModule file:///snap/code/43/usr/share/code/resources/app/extensions/search-result/dist/extension.js
[2020-09-16 06:24:08.873] [exthost] [info] ExtensionService#_doActivateExtension CoenraadS.bracket-pair-colorizer {"startup":true,"extensionId":{"value":"CoenraadS.bracket-pair-colorizer","_lower":"coenraads.bracket-pair-colorizer"},"activationEvent":"*"}
[2020-09-16 06:24:08.873] [exthost] [info] ExtensionService#loadCommonJSModule file:///root/.vscode/extensions/coenraads.bracket-pair-colorizer-1.0.61/out/src/extension
[2020-09-16 06:24:08.887] [exthost] [info] ExtensionService#_doActivateExtension formulahendry.auto-close-tag {"startup":true,"extensionId":{"value":"formulahendry.auto-close-tag","_lower":"formulahendry.auto-close-tag"},"activationEvent":"*"}
[2020-09-16 06:24:08.887] [exthost] [info] ExtensionService#loadCommonJSModule file:///root/.vscode/extensions/formulahendry.auto-close-tag-0.5.8/out/src/extension
[2020-09-16 06:24:08.888] [exthost] [info] ExtensionService#_doActivateExtension formulahendry.auto-rename-tag {"startup":true,"extensionId":{"value":"formulahendry.auto-rename-tag","_lower":"formulahendry.auto-rename-tag"},"activationEvent":"*"}
[2020-09-16 06:24:08.889] [exthost] [info] ExtensionService#loadCommonJSModule file:///root/.vscode/extensions/formulahendry.auto-rename-tag-0.1.4/packages/extension/dist/extensionMain.js
[2020-09-16 06:24:08.897] [exthost] [info] ExtensionService#_doActivateExtension vscode.npm {"startup":true,"extensionId":{"value":"vscode.npm","_lower":"vscode.npm"},"activationEvent":"workspaceContains:package.json"}
[2020-09-16 06:24:08.897] [exthost] [info] ExtensionService#loadCommonJSModule file:///snap/code/43/usr/share/code/resources/app/extensions/npm/dist/npmMain
[2020-09-16 06:24:09.098] [exthost] [info] ExtensionService#_doActivateExtension vscode.github {"startup":true,"extensionId":{"value":"vscode.github","_lower":"vscode.github"},"activationEvent":"*"}
[2020-09-16 06:24:09.098] [exthost] [info] ExtensionService#loadCommonJSModule file:///snap/code/43/usr/share/code/resources/app/extensions/github/dist/extension.js
[2020-09-16 06:24:09.150] [exthost] [info] ExtensionService#_doActivateExtension esbenp.prettier-vscode {"startup":false,"extensionId":{"value":"esbenp.prettier-vscode","_lower":"esbenp.prettier-vscode"},"activationEvent":"onStartupFinished"}
[2020-09-16 06:24:09.150] [exthost] [info] ExtensionService#loadCommonJSModule file:///root/.vscode/extensions/esbenp.prettier-vscode-5.6.0/dist/extension
[2020-09-16 06:24:09.215] [exthost] [info] eager extensions activated
[2020-09-16 06:24:18.449] [exthost] [info] ExtensionService#_doActivateExtension vscode.css-language-features {"startup":false,"extensionId":{"value":"vscode.css-language-features","_lower":"vscode.css-language-features"},"activationEvent":"onLanguage:css"}
[2020-09-16 06:24:18.449] [exthost] [info] ExtensionService#loadCommonJSModule file:///snap/code/43/usr/share/code/resources/app/extensions/css-language-features/client/dist/node/cssClientMain
[2020-09-16 06:24:23.633] [exthost] [info] ExtensionService#_doActivateExtension vscode.extension-editing {"startup":false,"extensionId":{"value":"vscode.extension-editing","_lower":"vscode.extension-editing"},"activationEvent":"onLanguage:typescript"}
[2020-09-16 06:24:23.633] [exthost] [info] ExtensionService#loadCommonJSModule file:///snap/code/43/usr/share/code/resources/app/extensions/extension-editing/dist/extensionEditingMain
[2020-09-16 06:24:23.649] [exthost] [info] ExtensionService#_doActivateExtension vscode.typescript-language-features {"startup":false,"extensionId":{"value":"vscode.typescript-language-features","_lower":"vscode.typescript-language-features"},"activationEvent":"onLanguage:typescript"}
[2020-09-16 06:24:23.649] [exthost] [info] ExtensionService#loadCommonJSModule file:///snap/code/43/usr/share/code/resources/app/extensions/typescript-language-features/dist/extension
[2020-09-16 06:24:23.674] [exthost] [info] ExtensionService#_doActivateExtension rbbit.typescript-hero {"startup":false,"extensionId":{"value":"rbbit.typescript-hero","_lower":"rbbit.typescript-hero"},"activationEvent":"onLanguage:typescript"}
[2020-09-16 06:24:23.674] [exthost] [info] ExtensionService#loadCommonJSModule file:///root/.vscode/extensions/rbbit.typescript-hero-3.0.0/out/src/extension
[2020-09-16 06:24:31.603] [exthost] [info] ExtensionService#_doActivateExtension vscode.configuration-editing {"startup":false,"extensionId":{"value":"vscode.configuration-editing","_lower":"vscode.configuration-editing"},"activationEvent":"onLanguage:jsonc"}
[2020-09-16 06:24:31.603] [exthost] [info] ExtensionService#loadCommonJSModule file:///snap/code/43/usr/share/code/resources/app/extensions/configuration-editing/dist/configurationEditingMain
[2020-09-16 06:24:31.608] [exthost] [info] ExtensionService#_doActivateExtension vscode.json-language-features {"startup":false,"extensionId":{"value":"vscode.json-language-features","_lower":"vscode.json-language-features"},"activationEvent":"onLanguage:jsonc"}
[2020-09-16 06:24:31.608] [exthost] [info] ExtensionService#loadCommonJSModule file:///snap/code/43/usr/share/code/resources/app/extensions/json-language-features/client/dist/node/jsonClientMain
