Info 0    [14:41:0.521] Format host information updated
Info 1    [14:41:0.522] reload projects.
Info 2    [14:41:0.522] Before ensureProjectForOpenFiles:
Info 3    [14:41:0.522] After ensureProjectForOpenFiles:
Info 4    [14:41:0.522] Host file extension mappings updated
Info 5    [14:41:0.532] Search path: /home/ldab/Bureau/fil-rouge-front/src/app/connexion
Info 6    [14:41:0.533] For info: /home/ldab/Bureau/fil-rouge-front/src/app/connexion/connexion.component.ts :: Config file name: /home/ldab/Bureau/fil-rouge-front/tsconfig.json
Info 7    [14:41:0.534] Opened configuration file /home/ldab/Bureau/fil-rouge-front/tsconfig.json
Info 8    [14:41:0.623] Config: /home/ldab/Bureau/fil-rouge-front/tsconfig.json : {
 "rootNames": [
  "/home/ldab/Bureau/fil-rouge-front/e2e/src/app.e2e-spec.ts",
  "/home/ldab/Bureau/fil-rouge-front/e2e/src/app.po.ts",
  "/home/ldab/Bureau/fil-rouge-front/src/main.ts",
  "/home/ldab/Bureau/fil-rouge-front/src/polyfills.ts",
  "/home/ldab/Bureau/fil-rouge-front/src/test.ts",
  "/home/ldab/Bureau/fil-rouge-front/src/app/app-routing.module.ts",
  "/home/ldab/Bureau/fil-rouge-front/src/app/app.component.ts",
  "/home/ldab/Bureau/fil-rouge-front/src/app/app.module.ts",
  "/home/ldab/Bureau/fil-rouge-front/src/app/auth.service.ts",
  "/home/ldab/Bureau/fil-rouge-front/src/app/jwttoken.service.ts",
  "/home/ldab/Bureau/fil-rouge-front/src/app/jwttoken.service1.ts",
  "/home/ldab/Bureau/fil-rouge-front/src/app/connexion/connexion.component.ts",
  "/home/ldab/Bureau/fil-rouge-front/src/environments/environment.prod.ts",
  "/home/ldab/Bureau/fil-rouge-front/src/environments/environment.ts"
 ],
 "options": {
  "baseUrl": "/home/ldab/Bureau/fil-rouge-front",
  "outDir": "/home/ldab/Bureau/fil-rouge-front/dist/out-tsc",
  "sourceMap": true,
  "declaration": false,
  "downlevelIteration": true,
  "experimentalDecorators": true,
  "moduleResolution": 2,
  "importHelpers": true,
  "target": 2,
  "module": 6,
  "lib": [
   "lib.es2018.d.ts",
   "lib.dom.d.ts"
  ],
  "configFilePath": "/home/ldab/Bureau/fil-rouge-front/tsconfig.json"
 }
}
Info 9    [14:41:1.323] Loading global plugin @angular/language-service
Info 10   [14:41:1.323] Enabling plugin @angular/language-service from candidate paths: /root/.vscode/extensions/angular.ng-template-0.1001.0/server/node_modules/@angular/language-service/bundles/language-service.js,/root/.vscode/extensions/angular.ng-template-0.1001.0/node_modules/typescript/lib/tsserverlibrary.js/../../..
Info 11   [14:41:1.323] Loading @angular/language-service from /root/.vscode/extensions/angular.ng-template-0.1001.0/server/node_modules/@angular/language-service/bundles/language-service.js (resolved to /root/.vscode/extensions/angular.ng-template-0.1001.0/server/node_modules/@angular/language-service/bundles/language-service.js/node_modules)
Info 12   [14:41:1.390] Plugin validation succeded
Info 13   [14:41:1.424] Starting updateGraphWorker: Project: /home/ldab/Bureau/fil-rouge-front/tsconfig.json
Info 14   [14:41:4.768] Finishing updateGraphWorker: Project: /home/ldab/Bureau/fil-rouge-front/tsconfig.json Version: 1 structureChanged: true Elapsed: 3344ms
Info 15   [14:41:4.768] Project '/home/ldab/Bureau/fil-rouge-front/tsconfig.json' (Configured)
Info 16   [14:41:4.768] 	Files (425)

Info 17   [14:41:4.768] -----------------------------------------------
Info 18   [14:41:4.786] Starting updateGraphWorker: Project: /dev/null/autoImportProviderProject1*
Info 19   [14:41:4.800] Finishing updateGraphWorker: Project: /dev/null/autoImportProviderProject1* Version: 1 structureChanged: true Elapsed: 14ms
Info 20   [14:41:4.800] Project '/dev/null/autoImportProviderProject1*' (AutoImportProvider)
Info 21   [14:41:4.801] 	Files (2)

Info 22   [14:41:4.801] -----------------------------------------------
Info 23   [14:41:4.801] Starting updateGraphWorker: Project: /home/ldab/Bureau/fil-rouge-front/tsconfig.json
Info 24   [14:41:4.804] Finishing updateGraphWorker: Project: /home/ldab/Bureau/fil-rouge-front/tsconfig.json Version: 2 structureChanged: false Elapsed: 3ms
