Looking for git in: git
Using git 2.25.1 from git
> git rev-parse --git-dir
Open repository: /home/ldab/Bureau/fil-rouge-front
> git status -z -u
> git symbolic-ref --short HEAD
> git rev-parse fil_rouge_front_ldab
> git rev-parse --symbolic-full-name fil_rouge_front_ldab@{u}
> git rev-list --left-right fil_rouge_front_ldab...refs/remotes/origin/fil_rouge_front_ldab
> git for-each-ref --sort -committerdate --format %(refname) %(objectname)
> git remote --verbose
Warning: Failed to watch ref '/home/ldab/Bureau/fil-rouge-front/.git/refs/remotes/origin/fil_rouge_front_ldab', is most likely packed.
> git config --get commit.template
> git check-ignore -v -z --stdin
> git status -z -u
> git symbolic-ref --short HEAD
> git rev-parse fil_rouge_front_ldab
> git rev-parse --symbolic-full-name fil_rouge_front_ldab@{u}
> git rev-list --left-right fil_rouge_front_ldab...refs/remotes/origin/fil_rouge_front_ldab
> git for-each-ref --sort -committerdate --format %(refname) %(objectname)
> git remote --verbose
Warning: Failed to watch ref '/home/ldab/Bureau/fil-rouge-front/.git/refs/remotes/origin/fil_rouge_front_ldab', is most likely packed.
> git config --get commit.template
> git check-ignore -v -z --stdin
> git check-ignore -v -z --stdin
> git show --textconv :src/app/connexion/connexion.component.ts
> git ls-files --stage -- /home/ldab/Bureau/fil-rouge-front/src/app/connexion/connexion.component.ts
> git cat-file -s b07a62ddc0690ca425c1e3b3d5bbadcc4afec5db
> git show --textconv :src/app/auth.service.ts
> git ls-files --stage -- /home/ldab/Bureau/fil-rouge-front/src/app/auth.service.ts
> git cat-file -s 5282df0c31047cb4185af2ffbaf236a469cb16cf
> git status -z -u
> git symbolic-ref --short HEAD
> git rev-parse fil_rouge_front_ldab
> git rev-parse --symbolic-full-name fil_rouge_front_ldab@{u}
> git rev-list --left-right fil_rouge_front_ldab...refs/remotes/origin/fil_rouge_front_ldab
> git for-each-ref --sort -committerdate --format %(refname) %(objectname)
> git remote --verbose
Warning: Failed to watch ref '/home/ldab/Bureau/fil-rouge-front/.git/refs/remotes/origin/fil_rouge_front_ldab', is most likely packed.
> git config --get commit.template
> git status -z -u
> git symbolic-ref --short HEAD
> git rev-parse fil_rouge_front_ldab
> git rev-parse --symbolic-full-name fil_rouge_front_ldab@{u}
> git rev-list --left-right fil_rouge_front_ldab...refs/remotes/origin/fil_rouge_front_ldab
> git for-each-ref --sort -committerdate --format %(refname) %(objectname)
> git remote --verbose
Warning: Failed to watch ref '/home/ldab/Bureau/fil-rouge-front/.git/refs/remotes/origin/fil_rouge_front_ldab', is most likely packed.
> git config --get commit.template
> git status -z -u
> git symbolic-ref --short HEAD
> git rev-parse fil_rouge_front_ldab
> git rev-parse --symbolic-full-name fil_rouge_front_ldab@{u}
> git rev-list --left-right fil_rouge_front_ldab...refs/remotes/origin/fil_rouge_front_ldab
> git for-each-ref --sort -committerdate --format %(refname) %(objectname)
> git remote --verbose
Warning: Failed to watch ref '/home/ldab/Bureau/fil-rouge-front/.git/refs/remotes/origin/fil_rouge_front_ldab', is most likely packed.
> git config --get commit.template
> git status -z -u
> git symbolic-ref --short HEAD
> git rev-parse fil_rouge_front_ldab
> git rev-parse --symbolic-full-name fil_rouge_front_ldab@{u}
> git rev-list --left-right fil_rouge_front_ldab...refs/remotes/origin/fil_rouge_front_ldab
> git for-each-ref --sort -committerdate --format %(refname) %(objectname)
> git remote --verbose
Warning: Failed to watch ref '/home/ldab/Bureau/fil-rouge-front/.git/refs/remotes/origin/fil_rouge_front_ldab', is most likely packed.
> git config --get commit.template
> git status -z -u
> git symbolic-ref --short HEAD
> git rev-parse fil_rouge_front_ldab
> git rev-parse --symbolic-full-name fil_rouge_front_ldab@{u}
> git rev-list --left-right fil_rouge_front_ldab...refs/remotes/origin/fil_rouge_front_ldab
> git for-each-ref --sort -committerdate --format %(refname) %(objectname)
> git remote --verbose
Warning: Failed to watch ref '/home/ldab/Bureau/fil-rouge-front/.git/refs/remotes/origin/fil_rouge_front_ldab', is most likely packed.
> git config --get commit.template
> git status -z -u
> git symbolic-ref --short HEAD
> git rev-parse fil_rouge_front_ldab
> git rev-parse --symbolic-full-name fil_rouge_front_ldab@{u}
> git rev-list --left-right fil_rouge_front_ldab...refs/remotes/origin/fil_rouge_front_ldab
> git for-each-ref --sort -committerdate --format %(refname) %(objectname)
> git remote --verbose
Warning: Failed to watch ref '/home/ldab/Bureau/fil-rouge-front/.git/refs/remotes/origin/fil_rouge_front_ldab', is most likely packed.
> git config --get commit.template
> git show --textconv :src/app/connexion/connexion.component.ts
> git ls-files --stage -- /home/ldab/Bureau/fil-rouge-front/src/app/connexion/connexion.component.ts
> git cat-file -s b07a62ddc0690ca425c1e3b3d5bbadcc4afec5db
> git status -z -u
> git symbolic-ref --short HEAD
> git rev-parse fil_rouge_front_ldab
> git rev-parse --symbolic-full-name fil_rouge_front_ldab@{u}
> git rev-list --left-right fil_rouge_front_ldab...refs/remotes/origin/fil_rouge_front_ldab
> git for-each-ref --sort -committerdate --format %(refname) %(objectname)
> git remote --verbose
Warning: Failed to watch ref '/home/ldab/Bureau/fil-rouge-front/.git/refs/remotes/origin/fil_rouge_front_ldab', is most likely packed.
> git config --get commit.template
> git status -z -u
> git symbolic-ref --short HEAD
> git rev-parse fil_rouge_front_ldab
> git rev-parse --symbolic-full-name fil_rouge_front_ldab@{u}
> git rev-list --left-right fil_rouge_front_ldab...refs/remotes/origin/fil_rouge_front_ldab
> git for-each-ref --sort -committerdate --format %(refname) %(objectname)
> git remote --verbose
Warning: Failed to watch ref '/home/ldab/Bureau/fil-rouge-front/.git/refs/remotes/origin/fil_rouge_front_ldab', is most likely packed.
> git config --get commit.template
> git show --textconv :src/app/auth.service.ts
> git ls-files --stage -- /home/ldab/Bureau/fil-rouge-front/src/app/auth.service.ts
> git cat-file -s 5282df0c31047cb4185af2ffbaf236a469cb16cf
> git show --textconv :src/app/app.module.ts
> git ls-files --stage -- /home/ldab/Bureau/fil-rouge-front/src/app/app.module.ts
> git cat-file -s 833cf3667d334b94122cdace7c2869d047b9ff3f
> git show --textconv :src/app/httpinterceptor.service.ts
> git ls-files --stage -- /home/ldab/Bureau/fil-rouge-front/src/app/httpinterceptor.service.ts
> git status -z -u
> git symbolic-ref --short HEAD
> git rev-parse fil_rouge_front_ldab
> git rev-parse --symbolic-full-name fil_rouge_front_ldab@{u}
> git rev-list --left-right fil_rouge_front_ldab...refs/remotes/origin/fil_rouge_front_ldab
> git for-each-ref --sort -committerdate --format %(refname) %(objectname)
> git remote --verbose
Warning: Failed to watch ref '/home/ldab/Bureau/fil-rouge-front/.git/refs/remotes/origin/fil_rouge_front_ldab', is most likely packed.
> git config --get commit.template
> git status -z -u
> git symbolic-ref --short HEAD
> git rev-parse fil_rouge_front_ldab
> git rev-parse --symbolic-full-name fil_rouge_front_ldab@{u}
> git rev-list --left-right fil_rouge_front_ldab...refs/remotes/origin/fil_rouge_front_ldab
> git for-each-ref --sort -committerdate --format %(refname) %(objectname)
> git remote --verbose
Warning: Failed to watch ref '/home/ldab/Bureau/fil-rouge-front/.git/refs/remotes/origin/fil_rouge_front_ldab', is most likely packed.
> git config --get commit.template
> git status -z -u
> git symbolic-ref --short HEAD
> git rev-parse fil_rouge_front_ldab
> git rev-parse --symbolic-full-name fil_rouge_front_ldab@{u}
> git rev-list --left-right fil_rouge_front_ldab...refs/remotes/origin/fil_rouge_front_ldab
> git for-each-ref --sort -committerdate --format %(refname) %(objectname)
> git remote --verbose
Warning: Failed to watch ref '/home/ldab/Bureau/fil-rouge-front/.git/refs/remotes/origin/fil_rouge_front_ldab', is most likely packed.
> git config --get commit.template
> git status -z -u
> git symbolic-ref --short HEAD
> git rev-parse fil_rouge_front_ldab
> git rev-parse --symbolic-full-name fil_rouge_front_ldab@{u}
> git rev-list --left-right fil_rouge_front_ldab...refs/remotes/origin/fil_rouge_front_ldab
> git for-each-ref --sort -committerdate --format %(refname) %(objectname)
> git remote --verbose
Warning: Failed to watch ref '/home/ldab/Bureau/fil-rouge-front/.git/refs/remotes/origin/fil_rouge_front_ldab', is most likely packed.
> git config --get commit.template
> git show --textconv :src/app/jwttoken.service.ts
> git ls-files --stage -- /home/ldab/Bureau/fil-rouge-front/src/app/jwttoken.service.ts
> git show --textconv :src/app/auth.service.ts
> git ls-files --stage -- /home/ldab/Bureau/fil-rouge-front/src/app/auth.service.ts
> git cat-file -s 5282df0c31047cb4185af2ffbaf236a469cb16cf
> git show --textconv :src/app/connexion/connexion.component.ts
> git ls-files --stage -- /home/ldab/Bureau/fil-rouge-front/src/app/connexion/connexion.component.ts
> git cat-file -s b07a62ddc0690ca425c1e3b3d5bbadcc4afec5db
> git show --textconv :src/app/local-storage.service.ts
> git ls-files --stage -- /home/ldab/Bureau/fil-rouge-front/src/app/local-storage.service.ts
> git check-ignore -v -z --stdin
> git show --textconv :src/app/jwttoken.service.ts
> git ls-files --stage -- /home/ldab/Bureau/fil-rouge-front/src/app/jwttoken.service.ts
> git show --textconv :src/app/connexion/connexion.component.ts
> git ls-files --stage -- /home/ldab/Bureau/fil-rouge-front/src/app/connexion/connexion.component.ts
> git cat-file -s b07a62ddc0690ca425c1e3b3d5bbadcc4afec5db
> git show --textconv :src/app/connexion/connexion.component.html
> git ls-files --stage -- /home/ldab/Bureau/fil-rouge-front/src/app/connexion/connexion.component.html
> git cat-file -s a415c2bb0e3a6a4ecb6e713b1d269fb97ce40076
> git status -z -u
> git symbolic-ref --short HEAD
> git rev-parse fil_rouge_front_ldab
> git rev-parse --symbolic-full-name fil_rouge_front_ldab@{u}
> git rev-list --left-right fil_rouge_front_ldab...refs/remotes/origin/fil_rouge_front_ldab
> git for-each-ref --sort -committerdate --format %(refname) %(objectname)
> git remote --verbose
Warning: Failed to watch ref '/home/ldab/Bureau/fil-rouge-front/.git/refs/remotes/origin/fil_rouge_front_ldab', is most likely packed.
> git config --get commit.template
> git show --textconv :src/app/connexion/connexion.component.css
> git ls-files --stage -- /home/ldab/Bureau/fil-rouge-front/src/app/connexion/connexion.component.css
> git cat-file -s 551cbd10a7053e1d8222e804043d109e4fe84ec6
> git status -z -u
> git symbolic-ref --short HEAD
> git rev-parse fil_rouge_front_ldab
> git rev-parse --symbolic-full-name fil_rouge_front_ldab@{u}
> git rev-list --left-right fil_rouge_front_ldab...refs/remotes/origin/fil_rouge_front_ldab
> git for-each-ref --sort -committerdate --format %(refname) %(objectname)
> git remote --verbose
Warning: Failed to watch ref '/home/ldab/Bureau/fil-rouge-front/.git/refs/remotes/origin/fil_rouge_front_ldab', is most likely packed.
> git config --get commit.template
> git show --textconv :src/app/auth.service.ts
> git ls-files --stage -- /home/ldab/Bureau/fil-rouge-front/src/app/auth.service.ts
> git cat-file -s 5282df0c31047cb4185af2ffbaf236a469cb16cf
> git show --textconv :src/app/httpinterceptor.service.ts
> git ls-files --stage -- /home/ldab/Bureau/fil-rouge-front/src/app/httpinterceptor.service.ts
> git add -A -- .
